<?xml version="1.0" encoding="UTF-8"?>
<!-- Generated by org.testng.reporters.JUnitReportReporter -->
<testsuite skipped="0" hostname="Sachin-PC" name="com.TestCases.TC_01" tests="1" failures="0" timestamp="2022-06-05T10:51:27 MDT" time="27.457" errors="0">
  <testcase name="logintest" time="27.457" classname="com.TestCases.TC_01"/>
  <system-out/>
</testsuite> <!-- com.TestCases.TC_01 -->
