<?xml version="1.0" encoding="UTF-8"?>
<!-- Generated by org.testng.reporters.JUnitReportReporter -->
<testsuite skipped="0" hostname="Sachin-PC" name="com.TestCases.TC_01" tests="1" failures="0" timestamp="2022-06-06T07:40:07 MDT" time="21.619" errors="0">
  <testcase name="logintest" time="21.619" classname="com.TestCases.TC_01"/>
  <system-out/>
</testsuite> <!-- com.TestCases.TC_01 -->
